2022-03-13T22:39:29.438Z [my-bank-api] info: api started
2022-03-13T22:39:44.091Z [my-bank-api] error: TypeError: Cannot set property 'balance' of undefined
2022-03-13T22:43:28.764Z [my-bank-api] info: api started
2022-03-13T22:43:31.781Z [my-bank-api] error: PATCH /account - TypeError: Cannot set property 'balance' of undefined
2022-03-13T22:45:34.894Z [my-bank-api] info: api started
2022-03-13T22:45:39.264Z [my-bank-api] info: api started
2022-03-13T22:45:45.020Z [my-bank-api] info: POST /account - [object Object]
2022-03-13T22:46:21.557Z [my-bank-api] info: api started
2022-03-13T22:46:27.039Z [my-bank-api] info: POST /account - {"id":2,"name":"Juliana","balance":200.07}
2022-03-13T22:46:56.770Z [my-bank-api] info: api started
2022-03-13T22:47:24.530Z [my-bank-api] info: api started
2022-03-13T22:47:44.474Z [my-bank-api] info: api started
2022-03-13T22:48:39.707Z [my-bank-api] info: api started
2022-03-13T22:48:42.858Z [my-bank-api] info: GET /account - {"accounts":[{"id":1,"name":"Juliana","balance":200.07},{"id":2,"name":"Juliana","balance":200.07}]}
2022-03-13T22:48:55.212Z [my-bank-api] info: GET /account - undefined
2022-03-13T22:49:01.515Z [my-bank-api] info: GET /account - {"id":1,"name":"Juliana","balance":200.07}
2022-03-13T22:49:12.833Z [my-bank-api] info: PUT /account - {"id":2,"name":"Juliana Simões","balance":500}
2022-03-13T22:49:28.202Z [my-bank-api] info: PATCH /account - {"id":2,"name":"Juliana Simões","balance":650}
2022-03-13T22:49:40.441Z [my-bank-api] info: DELETE /account - {"nextId":3,"accounts":[{"id":2,"name":"Juliana Simões","balance":650}]}
2022-03-13T22:59:55.180Z [my-bank-api] info: api started
2022-03-13T22:59:57.909Z [my-bank-api] info: api started
2022-03-13T23:00:10.881Z [my-bank-api] error: POST /account - Error: Name and balance are required
2022-03-13T23:00:55.946Z [my-bank-api] info: api started
2022-03-13T23:00:57.988Z [my-bank-api] error: POST /account - Error: Name and balance are required
2022-03-13T23:01:08.650Z [my-bank-api] info: api started
2022-03-13T23:01:10.634Z [my-bank-api] error: POST /account - Error: Name and balance are required
2022-03-13T23:01:22.100Z [my-bank-api] info: api started
2022-03-13T23:01:23.361Z [my-bank-api] error: POST /account - Error: Name and balance are required
2022-03-13T23:02:14.061Z [my-bank-api] info: api started
2022-03-13T23:02:16.486Z [my-bank-api] error: POST /account - Error: Name and balance are required
2022-03-13T23:02:29.601Z [my-bank-api] info: api started
2022-03-13T23:02:31.679Z [my-bank-api] error: POST /account - Error: Name and balance are required
2022-03-13T23:02:45.562Z [my-bank-api] info: api started
2022-03-13T23:02:49.946Z [my-bank-api] error: POST /account - Error: Name and balance are required
2022-03-13T23:04:45.700Z [my-bank-api] info: api started
2022-03-13T23:04:51.140Z [my-bank-api] info: POST /account - {"id":3,"name":"Juliana","aaabalance":200.07}
2022-03-13T23:05:00.611Z [my-bank-api] info: api started
2022-03-13T23:05:05.542Z [my-bank-api] error: POST /account - Error: Name and balance are required
2022-03-13T23:05:19.157Z [my-bank-api] info: POST /account - {"id":4,"name":"Juliana","balance":0}
2022-03-13T23:06:26.214Z [my-bank-api] info: api started
2022-03-13T23:06:44.357Z [my-bank-api] info: POST /account - {"id":5,"name":"Juliana","balance":0}
2022-03-13T23:06:57.794Z [my-bank-api] info: POST /account - {"id":6,"name":"Juliana","balance":60}
2022-03-13T23:09:46.718Z [my-bank-api] info: api started
2022-03-13T23:09:50.777Z [my-bank-api] info: api started
2022-03-13T23:10:04.728Z [my-bank-api] error: PUT /account - Error: Registro não encontrado
2022-03-13T23:10:23.347Z [my-bank-api] info: PUT /account - {"id":2,"name":"Juliana Simões","balance":500}
2022-03-13T23:11:19.620Z [my-bank-api] info: api started
2022-03-13T23:11:27.502Z [my-bank-api] error: PUT /account - Error: Name and balance are required
2022-03-13T23:12:20.978Z [my-bank-api] info: api started
2022-03-13T23:12:34.160Z [my-bank-api] info: PUT /account - {"id":2,"name":"Juliana Simões 2","balance":500.68}
2022-03-13T23:14:15.730Z [my-bank-api] info: api started
2022-03-13T23:14:27.442Z [my-bank-api] error: PATCH /account - Error: Registro não encontrado
2022-03-13T23:16:19.252Z [my-bank-api] info: api started
2022-03-13T23:16:26.042Z [my-bank-api] error: PATCH /account - Error: ID and balance are required
2022-03-13T23:16:40.861Z [my-bank-api] error: PATCH /account - Error: ID and balance are required
2022-03-13T23:17:45.299Z [my-bank-api] info: api started
2022-03-13T23:17:51.670Z [my-bank-api] error: PUT /account - Error: ID, Name and balance are required
2022-03-13T23:17:55.172Z [my-bank-api] info: PUT /account - {"id":2,"name":"Juliana Simões 2","balance":500.68}
2022-03-13T23:27:31.342Z [my-bank-api] info: api started
2022-03-13T23:28:10.470Z [my-bank-api] info: GET /account - {"accounts":[{"id":2,"name":"Juliana Simões 2","balance":500.68},{"id":3,"name":"Juliana","aaabalance":200.07},{"id":4,"name":"Juliana","balance":0},{"id":5,"name":"Juliana","balance":0},{"id":6,"name":"Juliana","balance":60}]}
2022-03-13T23:28:58.986Z [my-bank-api] info: GET /account - {"accounts":[{"id":2,"name":"Juliana Simões 2","balance":500.68},{"id":3,"name":"Juliana","aaabalance":200.07},{"id":4,"name":"Juliana","balance":0},{"id":5,"name":"Juliana","balance":0},{"id":6,"name":"Juliana","balance":60}]}
2022-03-13T23:29:26.883Z [my-bank-api] info: api started
2022-03-13T23:29:30.170Z [my-bank-api] info: GET /account - {"accounts":[{"id":2,"name":"Juliana Simões 2","balance":500.68},{"id":3,"name":"Juliana","aaabalance":200.07},{"id":4,"name":"Juliana","balance":0},{"id":5,"name":"Juliana","balance":0},{"id":6,"name":"Juliana","balance":60}]}
2022-03-13T23:29:52.153Z [my-bank-api] info: GET /account - {"accounts":[{"id":2,"name":"Juliana Simões 2","balance":500.68},{"id":3,"name":"Juliana","aaabalance":200.07},{"id":4,"name":"Juliana","balance":0},{"id":5,"name":"Juliana","balance":0},{"id":6,"name":"Juliana","balance":60}]}
2022-03-13T23:38:08.903Z [my-bank-api] info: GET /account - {"accounts":[{"id":2,"name":"Juliana Simões 2","balance":500.68},{"id":3,"name":"Juliana","aaabalance":200.07},{"id":4,"name":"Juliana","balance":0},{"id":5,"name":"Juliana","balance":0},{"id":6,"name":"Juliana","balance":60}]}
2022-03-13T23:44:34.764Z [my-bank-api] info: api started
2022-03-13T23:44:45.472Z [my-bank-api] info: GET /account - {"accounts":[{"id":2,"name":"Juliana Simões 2","balance":500.68},{"id":3,"name":"Juliana","aaabalance":200.07},{"id":4,"name":"Juliana","balance":0},{"id":5,"name":"Juliana","balance":0},{"id":6,"name":"Juliana","balance":60}]}
2022-03-13T23:44:50.000Z [my-bank-api] info: GET /account - {"accounts":[{"id":2,"name":"Juliana Simões 2","balance":500.68},{"id":3,"name":"Juliana","aaabalance":200.07},{"id":4,"name":"Juliana","balance":0},{"id":5,"name":"Juliana","balance":0},{"id":6,"name":"Juliana","balance":60}]}
2022-03-13T23:44:52.498Z [my-bank-api] info: GET /account - {"accounts":[{"id":2,"name":"Juliana Simões 2","balance":500.68},{"id":3,"name":"Juliana","aaabalance":200.07},{"id":4,"name":"Juliana","balance":0},{"id":5,"name":"Juliana","balance":0},{"id":6,"name":"Juliana","balance":60}]}
2022-03-13T23:45:23.756Z [my-bank-api] info: api started
2022-03-13T23:46:14.764Z [my-bank-api] info: api started
2022-03-13T23:46:17.812Z [my-bank-api] info: GET /account - {"accounts":[{"id":2,"name":"Juliana Simões 2","balance":500.68},{"id":3,"name":"Juliana","aaabalance":200.07},{"id":4,"name":"Juliana","balance":0},{"id":5,"name":"Juliana","balance":0},{"id":6,"name":"Juliana","balance":60}]}
2022-03-13T23:46:37.138Z [my-bank-api] info: GET /account - undefined
2022-03-13T23:46:47.406Z [my-bank-api] info: GET /account - undefined
2022-03-13T23:47:26.279Z [my-bank-api] info: GET /account - undefined
2022-03-13T23:48:03.798Z [my-bank-api] info: api started
2022-03-13T23:48:16.779Z [my-bank-api] info: GET /account - undefined
2022-03-13T23:48:54.987Z [my-bank-api] info: api started
2022-03-13T23:48:59.655Z [my-bank-api] info: GET /account - undefined
2022-03-13T23:49:19.178Z [my-bank-api] info: GET /account - {"accounts":[{"id":2,"name":"Juliana Simões 2","balance":500.68},{"id":3,"name":"Juliana","aaabalance":200.07},{"id":4,"name":"Juliana","balance":0},{"id":5,"name":"Juliana","balance":0},{"id":6,"name":"Juliana","balance":60}]}
2022-03-13T23:49:52.636Z [my-bank-api] info: api started
2022-03-13T23:49:57.184Z [my-bank-api] info: GET /account - {"accounts":[{"id":2,"name":"Juliana Simões 2","balance":500.68},{"id":3,"name":"Juliana","aaabalance":200.07},{"id":4,"name":"Juliana","balance":0},{"id":5,"name":"Juliana","balance":0},{"id":6,"name":"Juliana","balance":60}]}
2022-03-13T23:50:12.142Z [my-bank-api] info: GET /account - undefined
2022-03-13T23:50:45.552Z [my-bank-api] info: GET /account - {"accounts":[{"id":2,"name":"Juliana Simões 2","balance":500.68},{"id":3,"name":"Juliana","aaabalance":200.07},{"id":4,"name":"Juliana","balance":0},{"id":5,"name":"Juliana","balance":0},{"id":6,"name":"Juliana","balance":60}]}
2022-03-13T23:52:14.218Z [my-bank-api] info: api started
2022-03-13T23:52:20.269Z [my-bank-api] info: GET /account - {"accounts":[{"id":2,"name":"Juliana Simões 2","balance":500.68},{"id":3,"name":"Juliana","aaabalance":200.07},{"id":4,"name":"Juliana","balance":0},{"id":5,"name":"Juliana","balance":0},{"id":6,"name":"Juliana","balance":60}]}
2022-03-13T23:52:41.828Z [my-bank-api] info: GET /account - {"id":2,"name":"Juliana Simões 2","balance":500.68}
2022-03-13T23:55:18.544Z [my-bank-api] info: api started
2022-03-13T23:55:26.308Z [my-bank-api] info: GET /account - {"id":2,"name":"Juliana Simões 2","balance":500.68}
2022-03-13T23:55:47.189Z [my-bank-api] info: GET /account - {"accounts":[{"id":2,"name":"Juliana Simões 2","balance":500.68},{"id":3,"name":"Juliana","aaabalance":200.07},{"id":4,"name":"Juliana","balance":0},{"id":5,"name":"Juliana","balance":0},{"id":6,"name":"Juliana","balance":60}]}
2022-03-13T23:56:03.392Z [my-bank-api] info: GET /account - {"accounts":[{"id":2,"name":"Juliana Simões 2","balance":500.68},{"id":3,"name":"Juliana","aaabalance":200.07},{"id":4,"name":"Juliana","balance":0},{"id":5,"name":"Juliana","balance":0},{"id":6,"name":"Juliana","balance":60}]}
2022-03-13T23:56:18.556Z [my-bank-api] info: GET /account - {"id":5,"name":"Juliana","balance":0}
2022-03-13T23:58:33.224Z [my-bank-api] info: api started
2022-03-13T23:58:37.056Z [my-bank-api] info: GET /account - {"id":5,"name":"Juliana","balance":0}
2022-03-13T23:58:47.865Z [my-bank-api] info: GET /account - {"accounts":[{"id":2,"name":"Juliana Simões 2","balance":500.68},{"id":3,"name":"Juliana","aaabalance":200.07},{"id":4,"name":"Juliana","balance":0},{"id":5,"name":"Juliana","balance":0},{"id":6,"name":"Juliana","balance":60}]}
2022-03-13T23:59:01.074Z [my-bank-api] info: api started
2022-03-13T23:59:06.253Z [my-bank-api] info: GET /account - {"accounts":[{"id":2,"name":"Juliana Simões 2","balance":500.68},{"id":3,"name":"Juliana","aaabalance":200.07},{"id":4,"name":"Juliana","balance":0},{"id":5,"name":"Juliana","balance":0},{"id":6,"name":"Juliana","balance":60}]}
2022-03-13T23:59:14.001Z [my-bank-api] info: api started
2022-03-13T23:59:16.887Z [my-bank-api] info: GET /account - {"accounts":[{"id":2,"name":"Juliana Simões 2","balance":500.68},{"id":3,"name":"Juliana","aaabalance":200.07},{"id":4,"name":"Juliana","balance":0},{"id":5,"name":"Juliana","balance":0},{"id":6,"name":"Juliana","balance":60}]}
2022-03-14T00:27:52.572Z [my-bank-api] info: api started
2022-03-14T00:28:37.435Z [my-bank-api] info: api started
2022-03-14T00:34:15.146Z [my-bank-api] info: api started
2022-03-14T00:34:35.426Z [my-bank-api] info: GET /account - {"accounts":[{"id":2,"name":"Juliana Simões 2","balance":500.68},{"id":3,"name":"Juliana","aaabalance":200.07},{"id":4,"name":"Juliana","balance":0},{"id":5,"name":"Juliana","balance":0},{"id":6,"name":"Juliana","balance":60}]}
2022-03-14T00:35:34.574Z [my-bank-api] info: POST /account - {"id":7,"name":"teste","balance":10}
2022-03-14T01:35:22.409Z [my-bank-api] info: api started
2022-03-14T01:35:59.243Z [my-bank-api] info: api started
2022-03-14T01:43:44.916Z [my-bank-api] info: api started
2022-03-14T01:44:03.159Z [my-bank-api] info: POST /account - {"id":8,"name":"Juliana 50","balance":60}
2022-03-14T01:47:02.963Z [my-bank-api] info: api started
2022-03-14T01:47:19.814Z [my-bank-api] info: api started
2022-03-14T01:47:46.215Z [my-bank-api] info: api started
2022-03-14T01:47:58.907Z [my-bank-api] info: GET /account - {"accounts":[{"id":2,"name":"Juliana Simões 2","balance":500.68},{"id":3,"name":"Juliana","aaabalance":200.07},{"id":4,"name":"Juliana","balance":0},{"id":5,"name":"Juliana","balance":0},{"id":6,"name":"Juliana","balance":60},{"id":7,"name":"teste","balance":10},{"id":8,"name":"Juliana 50","balance":60}]}
2022-03-14T01:50:19.182Z [my-bank-api] info: api started
2022-03-14T01:54:18.816Z [my-bank-api] info: api started
2022-03-14T01:54:52.573Z [my-bank-api] info: api started
2022-03-14T01:55:01.463Z [my-bank-api] info: api started
2022-03-14T01:55:33.468Z [my-bank-api] info: api started
2022-03-14T01:55:45.877Z [my-bank-api] info: api started
2022-03-14T01:55:49.328Z [my-bank-api] info: api started
2022-03-14T01:55:58.285Z [my-bank-api] info: POST /account - {"id":9,"name":"Juliana 51","balance":60}
2022-03-14T01:56:02.491Z [my-bank-api] info: GET /account - {"accounts":[{"id":2,"name":"Juliana Simões 2","balance":500.68},{"id":3,"name":"Juliana","aaabalance":200.07},{"id":4,"name":"Juliana","balance":0},{"id":5,"name":"Juliana","balance":0},{"id":6,"name":"Juliana","balance":60},{"id":7,"name":"teste","balance":10},{"id":8,"name":"Juliana 50","balance":60},{"id":9,"name":"Juliana 51","balance":60}]}
2022-03-14T01:56:10.470Z [my-bank-api] info: GET /account - {"id":9,"name":"Juliana 51","balance":60}
2022-03-14T01:56:22.012Z [my-bank-api] info: PUT /account - {"id":9,"name":"Juliana Simões92","balance":500.68}
2022-03-14T01:56:28.718Z [my-bank-api] info: GET /account - {"id":9,"name":"Juliana Simões92","balance":500.68}
2022-03-14T01:56:41.328Z [my-bank-api] info: PATCH /account - {"id":9,"name":"Juliana Simões92","balance":850}
2022-03-14T01:56:48.084Z [my-bank-api] info: DELETE /account - {"nextId":10,"accounts":[{"id":2,"name":"Juliana Simões 2","balance":500.68},{"id":3,"name":"Juliana","aaabalance":200.07},{"id":4,"name":"Juliana","balance":0},{"id":5,"name":"Juliana","balance":0},{"id":6,"name":"Juliana","balance":60},{"id":7,"name":"teste","balance":10},{"id":8,"name":"Juliana 50","balance":60}]}
2022-03-14T01:56:51.313Z [my-bank-api] info: GET /account - {"accounts":[{"id":2,"name":"Juliana Simões 2","balance":500.68},{"id":3,"name":"Juliana","aaabalance":200.07},{"id":4,"name":"Juliana","balance":0},{"id":5,"name":"Juliana","balance":0},{"id":6,"name":"Juliana","balance":60},{"id":7,"name":"teste","balance":10},{"id":8,"name":"Juliana 50","balance":60}]}
2022-03-14T01:58:58.280Z [my-bank-api] info: api started
2022-03-14T02:06:17.721Z [my-bank-api] info: api started
2022-03-14T02:06:30.361Z [my-bank-api] error: POST /account - ReferenceError: readFile is not defined
2022-03-14T02:07:08.274Z [my-bank-api] info: api started
2022-03-14T02:07:15.523Z [my-bank-api] info: GET /account - {"accounts":[{"id":2,"name":"Juliana Simões 2","balance":500.68},{"id":3,"name":"Juliana","aaabalance":200.07},{"id":4,"name":"Juliana","balance":0},{"id":5,"name":"Juliana","balance":0},{"id":6,"name":"Juliana","balance":60},{"id":7,"name":"teste","balance":10},{"id":8,"name":"Juliana 50","balance":60},{"id":10,"name":"Juliana 59","balance":900}]}
2022-03-14T02:09:01.942Z [my-bank-api] info: api started
2022-03-14T02:14:49.973Z [my-bank-api] info: api started
2022-03-14T02:49:02.547Z [my-bank-api] info: api started
2022-03-14T02:49:17.579Z [my-bank-api] info: api started
2022-03-14T02:49:45.902Z [my-bank-api] info: GET /account - {"accounts":[{"id":2,"name":"Juliana Simões 2","balance":500.68},{"id":3,"name":"Juliana","aaabalance":200.07},{"id":4,"name":"Juliana","balance":0},{"id":5,"name":"Juliana","balance":0},{"id":6,"name":"Juliana","balance":60},{"id":7,"name":"teste","balance":10},{"id":8,"name":"Juliana 50","balance":60},{"id":10,"name":"Juliana 59","balance":900},{"id":11,"name":"Juliana 60","balance":900}]}
2022-03-14T02:49:53.859Z [my-bank-api] info: GET /account - {"id":11,"name":"Juliana 60","balance":900}
2022-03-14T02:50:16.539Z [my-bank-api] info: PUT /account - {"id":11,"name":"Juliana Simões 98","balance":500.68}
2022-03-14T02:50:56.056Z [my-bank-api] info: PUT /account - {"id":11,"name":"Juliana Simões 98","balance":500.68}
2022-03-14T02:51:16.554Z [my-bank-api] info: GET /account - {"accounts":[{"id":2,"name":"Juliana Simões 2","balance":500.68},{"id":3,"name":"Juliana","aaabalance":200.07},{"id":4,"name":"Juliana","balance":0},{"id":5,"name":"Juliana","balance":0},{"id":6,"name":"Juliana","balance":60},{"id":7,"name":"teste","balance":10},{"id":8,"name":"Juliana 50","balance":60},{"id":10,"name":"Juliana 59","balance":900},{"id":11,"name":"Juliana 60","balance":8990}]}
2022-03-14T02:51:29.334Z [my-bank-api] info: PUT /account - {"id":11,"name":"Juliana Simões 98","balance":500.68}
2022-03-14T02:52:12.262Z [my-bank-api] info: api started
2022-03-14T02:52:19.850Z [my-bank-api] info: GET /account - {"accounts":[{"id":2,"name":"Juliana Simões 2","balance":500.68},{"id":3,"name":"Juliana","aaabalance":200.07},{"id":4,"name":"Juliana","balance":0},{"id":5,"name":"Juliana","balance":0},{"id":6,"name":"Juliana","balance":60},{"id":7,"name":"teste","balance":10},{"id":8,"name":"Juliana 50","balance":60},{"id":10,"name":"Juliana 59","balance":900},{"id":11,"name":"Juliana 60","balance":8990}]}
2022-03-14T02:52:31.217Z [my-bank-api] info: PUT /account - {"id":11,"name":"Juliana Simões 98","balance":500.68}
2022-03-14T02:52:35.989Z [my-bank-api] info: GET /account - {"id":11,"name":"Juliana Simões 98","balance":500.68}
2022-03-14T03:42:55.506Z [my-bank-api] info: api started
2022-03-14T03:54:18.457Z [my-bank-api] info: api started
2022-03-14T03:54:47.850Z [my-bank-api] info: api started
2022-03-14T03:54:56.524Z [my-bank-api] error: GET /account - TypeError: AccountRepository.getAccounts is not a function
2022-03-14T03:55:10.738Z [my-bank-api] info: api started
2022-03-14T03:55:26.801Z [my-bank-api] error: GET /account - TypeError: AccountRepository.getAccounts is not a function
2022-03-14T03:55:46.807Z [my-bank-api] info: api started
2022-03-14T03:56:02.740Z [my-bank-api] error: GET /account - TypeError: AccountRepository.getAccounts is not a function
2022-03-14T03:56:55.384Z [my-bank-api] info: api started
2022-03-14T03:56:58.141Z [my-bank-api] info: GET /account - [{"id":2,"name":"Juliana Simões 2","balance":500.68},{"id":3,"name":"Juliana","aaabalance":200.07},{"id":4,"name":"Juliana","balance":0},{"id":5,"name":"Juliana","balance":0},{"id":6,"name":"Juliana","balance":60},{"id":7,"name":"teste","balance":10},{"id":8,"name":"Juliana 50","balance":60},{"id":10,"name":"Juliana 59","balance":900},{"id":11,"name":"Juliana Simões 98","balance":500.68}]
2022-03-14T03:59:06.055Z [my-bank-api] info: api started
2022-03-14T03:59:08.210Z [my-bank-api] info: api started
2022-03-14T03:59:14.640Z [my-bank-api] info: api started
2022-03-14T04:00:26.702Z [my-bank-api] info: api started
2022-03-14T04:00:34.165Z [my-bank-api] info: api started
2022-03-14T04:01:51.814Z [my-bank-api] info: api started
2022-03-14T04:05:32.535Z [my-bank-api] info: api started
2022-03-14T04:09:49.390Z [my-bank-api] info: api started
2022-03-14T04:10:21.030Z [my-bank-api] info: api started
2022-03-14T04:16:31.887Z [my-bank-api] info: api started
2022-03-14T04:18:07.813Z [my-bank-api] info: api started
2022-03-14T04:18:27.608Z [my-bank-api] info: api started
2022-03-14T04:18:39.618Z [my-bank-api] info: GET /account - [{"id":2,"name":"Juliana Simões 2","balance":500.68},{"id":3,"name":"Juliana","aaabalance":200.07},{"id":4,"name":"Juliana","balance":0},{"id":5,"name":"Juliana","balance":0},{"id":6,"name":"Juliana","balance":60},{"id":7,"name":"teste","balance":10},{"id":8,"name":"Juliana 50","balance":60},{"id":10,"name":"Juliana 59","balance":900},{"id":11,"name":"Juliana Simões 98","balance":500.68}]
2022-03-14T04:18:43.502Z [my-bank-api] info: GET /account - {"id":11,"name":"Juliana Simões 98","balance":500.68}
2022-03-14T04:19:00.314Z [my-bank-api] info: PUT /account - {"id":11,"name":"Juliana Simões 100","balance":500.68}
2022-03-14T04:19:42.700Z [my-bank-api] info: api started
2022-03-14T04:19:47.594Z [my-bank-api] info: GET /account - {"id":11,"name":"Juliana Simões 100","balance":800}
2022-03-14T04:19:53.918Z [my-bank-api] info: DELETE /account - {"nextId":13,"accounts":[{"id":2,"name":"Juliana Simões 2","balance":500.68},{"id":3,"name":"Juliana","aaabalance":200.07},{"id":4,"name":"Juliana","balance":0},{"id":5,"name":"Juliana","balance":0},{"id":6,"name":"Juliana","balance":60},{"id":7,"name":"teste","balance":10},{"id":8,"name":"Juliana 50","balance":60},{"id":10,"name":"Juliana 59","balance":900},{"id":12,"name":"Juliana 70","balance":900}]}
2022-03-14T04:19:57.070Z [my-bank-api] info: GET /account - [{"id":2,"name":"Juliana Simões 2","balance":500.68},{"id":3,"name":"Juliana","aaabalance":200.07},{"id":4,"name":"Juliana","balance":0},{"id":5,"name":"Juliana","balance":0},{"id":6,"name":"Juliana","balance":60},{"id":7,"name":"teste","balance":10},{"id":8,"name":"Juliana 50","balance":60},{"id":10,"name":"Juliana 59","balance":900},{"id":12,"name":"Juliana 70","balance":900}]
2022-03-14T22:43:06.496Z [my-bank-api] info: api started
2022-03-14T23:08:22.293Z [my-bank-api] info: api started
2022-03-14T23:31:50.326Z [my-bank-api] info: api started
2022-03-14T23:34:38.884Z [my-bank-api] info: api started
2022-03-15T00:10:41.221Z [my-bank-api] info: api started
2022-03-15T00:31:23.196Z [my-bank-api] info: api started
2022-03-15T00:36:29.392Z [my-bank-api] info: api started
2022-03-15T00:45:25.528Z [my-bank-api] info: api started
2022-03-15T00:47:59.568Z [my-bank-api] info: api started
2022-03-15T00:54:38.478Z [my-bank-api] info: api started
2022-03-15T00:54:47.721Z [my-bank-api] info: api started
2022-03-15T00:58:09.778Z [my-bank-api] info: api started
2022-03-15T00:58:49.042Z [my-bank-api] info: api started
2022-03-15T00:59:02.867Z [my-bank-api] info: api started
2022-03-15T01:00:54.041Z [my-bank-api] info: api started
2022-03-15T01:02:02.056Z [my-bank-api] info: api started
2022-03-15T01:02:52.627Z [my-bank-api] info: api started
2022-03-15T01:03:53.456Z [my-bank-api] info: api started
2022-03-15T01:04:22.287Z [my-bank-api] info: api started
2022-03-15T01:05:13.843Z [my-bank-api] info: GET /account - [{"id":2,"name":"Juliana Simões 2","balance":500.68},{"id":3,"name":"Juliana","aaabalance":200.07},{"id":4,"name":"Juliana","balance":0},{"id":5,"name":"Juliana","balance":0},{"id":6,"name":"Juliana","balance":60},{"id":7,"name":"teste","balance":10},{"id":8,"name":"Juliana 50","balance":60},{"id":10,"name":"Juliana 59","balance":900},{"id":12,"name":"Juliana 70","balance":900},{"id":14,"name":"Guilherme","balance":100},{"id":15,"name":"Guilherme","balance":100},{"id":17,"name":"Teste","balance":100},{"id":18,"name":"Teste","balance":100}]
