2022-03-04T03:18:59.561Z [my-app] error:log erro
2022-03-04T03:18:59.563Z [my-app] warn:log warn
2022-03-04T03:18:59.563Z [my-app] info:log info
2022-03-04T03:18:59.564Z [my-app] verbose:log verbose
2022-03-04T03:18:59.564Z [my-app] debug:log debug
2022-03-04T03:18:59.565Z [my-app] silly:log silly
2022-03-04T03:18:59.566Z [my-app] info:log generico
2022-03-04T03:21:06.094Z [my-app] error:log erro
2022-03-04T03:21:06.098Z [my-app] warn:log warn
2022-03-04T03:21:06.098Z [my-app] info:log info
2022-03-04T03:21:06.099Z [my-app] verbose:log verbose
2022-03-04T03:21:06.099Z [my-app] debug:log debug
2022-03-04T03:21:06.100Z [my-app] silly:log silly
2022-03-04T03:21:06.100Z [my-app] info:log generico
2022-03-04T03:28:50.810Z [my-app] error:log erro
2022-03-04T03:28:50.814Z [my-app] warn:log warn
2022-03-04T03:28:50.815Z [my-app] info:log info
2022-03-04T03:28:50.815Z [my-app] verbose:log verbose
2022-03-04T03:28:50.816Z [my-app] debug:log debug
2022-03-04T03:28:50.816Z [my-app] silly:log silly
2022-03-04T03:28:50.817Z [my-app] info:log generico
2022-03-04T03:29:26.391Z [my-app] error:log erro
2022-03-04T03:29:26.394Z [my-app] warn:log warn
2022-03-04T03:29:26.396Z [my-app] info:log info
2022-03-04T03:29:26.398Z [my-app] verbose:log verbose
2022-03-04T03:29:26.399Z [my-app] debug:log debug
2022-03-04T03:29:26.399Z [my-app] silly:log silly
2022-03-04T03:29:26.401Z [my-app] info:log generico
2022-03-04T03:29:29.692Z [my-app] error:log erro
2022-03-04T03:29:29.698Z [my-app] warn:log warn
2022-03-04T03:29:29.699Z [my-app] info:log info
2022-03-04T03:29:29.699Z [my-app] verbose:log verbose
2022-03-04T03:29:29.700Z [my-app] debug:log debug
2022-03-04T03:29:29.701Z [my-app] silly:log silly
2022-03-04T03:29:29.701Z [my-app] info:log generico
2022-03-04T03:29:45.308Z [my-app] error:log erro
2022-03-04T03:29:45.312Z [my-app] warn:log warn
2022-03-04T03:29:45.312Z [my-app] info:log info
2022-03-04T03:29:45.312Z [my-app] verbose:log verbose
2022-03-04T03:29:45.313Z [my-app] debug:log debug
2022-03-04T03:29:45.313Z [my-app] silly:log silly
2022-03-04T03:29:45.314Z [my-app] info:log generico
2022-03-04T03:30:26.572Z [my-app] error:log erro
2022-03-04T03:30:26.575Z [my-app] warn:log warn
2022-03-04T03:30:26.576Z [my-app] info:log info
2022-03-04T03:30:26.576Z [my-app] verbose:log verbose
2022-03-04T03:30:26.577Z [my-app] debug:log debug
2022-03-04T03:30:26.577Z [my-app] silly:log silly
2022-03-04T03:30:26.578Z [my-app] info:log generico
2022-03-04T03:31:17.952Z [my-app] error:log erro
2022-03-04T03:31:17.954Z [my-app] warn:log warn
2022-03-04T03:31:17.954Z [my-app] info:log info
2022-03-04T03:31:17.955Z [my-app] verbose:log verbose
2022-03-04T03:31:17.955Z [my-app] debug:log debug
2022-03-04T03:31:17.956Z [my-app] silly:log silly
2022-03-04T03:31:17.956Z [my-app] info:log generico
